
Showing Recent Errors Only
Prepare build
Prepare packages
Build target MonkScan
SwiftEmitModule normal arm64 Emitting\ module\ for\ MonkScan (in target 'MonkScan' from project 'MonkScan')

Failed frontend command:
/Applications/Xcode.app/Contents/Developer/Toolchains/XcodeDefault.xctoolchain/usr/bin/swift-frontend -frontend -emit-module -experimental-skip-non-inlinable-function-bodies-without-types /Users/thomas/Downloads/MonkScanNew/MonkScan/Components/NBCard.swift /Users/thomas/Downloads/MonkScanNew/MonkScan/Services/PhotoImportService.swift /Users/thomas/Downloads/MonkScanNew/MonkScan/Components/NBChip.swift /Users/thomas/Downloads/MonkScanNew/MonkScan/Components/NBIconButton.swift /Users/thomas/Downloads/MonkScanNew/MonkScan/Components/NBListRow.swift /Users/thomas/Downloads/MonkScanNew/MonkScan/Components/NBScreen.swift /Users/thomas/Downloads/MonkScanNew/MonkScan/Components/NBTextField.swift /Users/thomas/Downloads/MonkScanNew/MonkScan/Components/NBTopBar.swift /Users/thomas/Downloads/MonkScanNew/MonkScan/Features/Edit/CropView.swift /Users/thomas/Downloads/MonkScanNew/MonkScan/Features/Edit/EnhanceView.swift /Users/thomas/Downloads/MonkScanNew/MonkScan/Features/Edit/PagesView.swift /Users/thomas/Downloads/MonkScanNew/MonkScan/Features/Export/ExportView.swift /Users/thomas/Downloads/MonkScanNew/MonkScan/Features/Library/LibraryModels.swift /Users/thomas/Downloads/MonkScanNew/MonkScan/Features/Library/LibraryView.swift /Users/thomas/Downloads/MonkScanNew/MonkScan/Features/Scan/ScanView.swift /Users/thomas/Downloads/MonkScanNew/MonkScan/Features/Settings/SettingsView.swift /Users/thomas/Downloads/MonkScanNew/MonkScan/Features/Shell/AppTabView.swift /Users/thomas/Downloads/MonkScanNew/MonkScan/Theme/NBColors.swift /Users/thomas/Downloads/MonkScanNew/MonkScan/Theme/NBTheme.swift /Users/thomas/Downloads/MonkScanNew/MonkScan/Theme/NBTypography.swift /Users/thomas/Downloads/MonkScanNew/MonkScan/ContentView.swift /Users/thomas/Downloads/MonkScanNew/MonkScan/Features/Scan/ScanSessionStore.swift /Users/thomas/Downloads/MonkScanNew/MonkScan/Features/Scan/ScanModels.swift /Users/thomas/Downloads/MonkScanNew/MonkScan/MonkScanApp.swift /Users/thomas/Library/Developer/Xcode/DerivedData/MonkScan-fhupcgxcesifjgepusnsefjvhwgr/Build/Intermediates.noindex/MonkScan.build/Debug-iphoneos/MonkScan.build/DerivedSources/GeneratedAssetSymbols.swift -target arm64-apple-ios26.0 -module-can-import-version DeveloperToolsSupport 23.0.4 23.0.4 -module-can-import-version SwiftUI 7.2.5.1 7.2.5 -module-can-import-version UIKit 9126.2.4.1 9126.2.4 -disable-cross-import-overlay-search -swift-module-cross-import PhotosUI /Applications/Xcode.app/Contents/Developer/Platforms/iPhoneOS.platform/Developer/SDKs/iPhoneOS.sdk/System/Library/Frameworks/PhotosUI.framework/Modules/PhotosUI.swiftcrossimport/SwiftUI.swiftoverlay -swift-module-cross-import PhotosUI /Applications/Xcode.app/Contents/Developer/Platforms/iPhoneOS.platform/Developer/SDKs/iPhoneOS.sdk/System/Library/Frameworks/PhotosUI.framework/Modules/PhotosUI.swiftcrossimport/WidgetKit.swiftoverlay -swift-module-cross-import PhotosUI /Applications/Xcode.app/Contents/Developer/Platforms/iPhoneOS.platform/Developer/SDKs/iPhoneOS26.2.sdk/System/Library/Frameworks/PhotosUI.framework/Modules/PhotosUI.swiftcrossimport/SwiftUI.swiftoverlay -swift-module-cross-import PhotosUI /Applications/Xcode.app/Contents/Developer/Platforms/iPhoneOS.platform/Developer/SDKs/iPhoneOS26.2.sdk/System/Library/Frameworks/PhotosUI.framework/Modules/PhotosUI.swiftcrossimport/WidgetKit.swiftoverlay -load-resolved-plugin /Applications/Xcode.app/Contents/Developer/Platforms/iPhoneOS.platform/Developer/usr/lib/swift/host/plugins/libFoundationMacros.dylib\#/Applications/Xcode.app/Contents/Developer/Platforms/iPhoneOS.platform/Developer/usr/bin/swift-plugin-server\#FoundationMacros -load-resolved-plugin /Applications/Xcode.app/Contents/Developer/Platforms/iPhoneOS.platform/Developer/usr/lib/swift/host/plugins/libObservationMacros.dylib\#/Applications/Xcode.app/Contents/Developer/Platforms/iPhoneOS.platform/Developer/usr/bin/swift-plugin-server\#ObservationMacros -load-resolved-plugin /Applications/Xcode.app/Contents/Developer/Platforms/iPhoneOS.platform/Developer/usr/lib/swift/host/plugins/libPreviewsMacros.dylib\#/Applications/Xcode.app/Contents/Developer/Platforms/iPhoneOS.platform/Developer/usr/bin/swift-plugin-server\#PreviewsMacros -load-resolved-plugin /Applications/Xcode.app/Contents/Developer/Platforms/iPhoneOS.platform/Developer/usr/lib/swift/host/plugins/libSwiftMacros.dylib\#/Applications/Xcode.app/Contents/Developer/Platforms/iPhoneOS.platform/Developer/usr/bin/swift-plugin-server\#SwiftMacros -load-resolved-plugin /Applications/Xcode.app/Contents/Developer/Platforms/iPhoneOS.platform/Developer/usr/lib/swift/host/plugins/libSwiftUIMacros.dylib\#/Applications/Xcode.app/Contents/Developer/Platforms/iPhoneOS.platform/Developer/usr/bin/swift-plugin-server\#SwiftUIMacros -disable-implicit-swift-modules -Xcc -fno-implicit-modules -Xcc -fno-implicit-module-maps -explicit-swift-module-map-file /Users/thomas/Library/Developer/Xcode/DerivedData/MonkScan-fhupcgxcesifjgepusnsefjvhwgr/Build/Intermediates.noindex/MonkScan.build/Debug-iphoneos/MonkScan.build/Objects-normal/arm64/MonkScan-dependencies-10.json -Xllvm -aarch64-use-tbi -enable-objc-interop -stack-check -sdk /Applications/Xcode.app/Contents/Developer/Platforms/iPhoneOS.platform/Developer/SDKs/iPhoneOS26.2.sdk -I /Users/thomas/Library/Developer/Xcode/DerivedData/MonkScan-fhupcgxcesifjgepusnsefjvhwgr/Build/Products/Debug-iphoneos -F /Users/thomas/Library/Developer/Xcode/DerivedData/MonkScan-fhupcgxcesifjgepusnsefjvhwgr/Build/Products/Debug-iphoneos -no-color-diagnostics -Xcc -fno-color-diagnostics -enable-testing -g -debug-info-format\=dwarf -dwarf-version\=5 -module-cache-path /Users/thomas/Library/Developer/Xcode/DerivedData/MonkScan-fhupcgxcesifjgepusnsefjvhwgr/Build/Intermediates.noindex/SwiftExplicitPrecompiledModules -swift-version 5 -enforce-exclusivity\=checked -Onone -D DEBUG -serialize-debugging-options -const-gather-protocols-file /Users/thomas/Library/Developer/Xcode/DerivedData/MonkScan-fhupcgxcesifjgepusnsefjvhwgr/Build/Intermediates.noindex/MonkScan.build/Debug-iphoneos/MonkScan.build/Objects-normal/arm64/MonkScan_const_extract_protocols.json -enable-upcoming-feature DisableOutwardActorInference -enable-upcoming-feature InferSendableFromCaptures -enable-upcoming-feature GlobalActorIsolatedTypesUsability -enable-upcoming-feature MemberImportVisibility -enable-upcoming-feature InferIsolatedConformances -enable-upcoming-feature NonisolatedNonsendingByDefault -enable-experimental-feature DebugDescriptionMacro -enable-bare-slash-regex -default-isolation\=MainActor -empty-abi-descriptor -validate-clang-modules-once -clang-build-session-file /Users/thomas/Library/Developer/Xcode/DerivedData/ModuleCache.noindex/Session.modulevalidation -Xcc -working-directory -Xcc /Users/thomas/Downloads/MonkScanNew -enable-anonymous-context-mangled-names -file-compilation-dir /Users/thomas/Downloads/MonkScanNew -Xcc -D_LIBCPP_HARDENING_MODE\=_LIBCPP_HARDENING_MODE_DEBUG -Xcc -ivfsstatcache -Xcc /Users/thomas/Library/Developer/Xcode/DerivedData/SDKStatCaches.noindex/iphoneos26.2-23C53-3794476bd08197c3e2abd9bb477ef7f7.sdkstatcache -Xcc -I/Users/thomas/Library/Developer/Xcode/DerivedData/MonkScan-fhupcgxcesifjgepusnsefjvhwgr/Build/Intermediates.noindex/MonkScan.build/Debug-iphoneos/MonkScan.build/swift-overrides.hmap -Xcc -iquote -Xcc /Users/thomas/Library/Developer/Xcode/DerivedData/MonkScan-fhupcgxcesifjgepusnsefjvhwgr/Build/Intermediates.noindex/MonkScan.build/Debug-iphoneos/MonkScan.build/MonkScan-generated-files.hmap -Xcc -I/Users/thomas/Library/Developer/Xcode/DerivedData/MonkScan-fhupcgxcesifjgepusnsefjvhwgr/Build/Intermediates.noindex/MonkScan.build/Debug-iphoneos/MonkScan.build/MonkScan-own-target-headers.hmap -Xcc -I/Users/thomas/Library/Developer/Xcode/DerivedData/MonkScan-fhupcgxcesifjgepusnsefjvhwgr/Build/Intermediates.noindex/MonkScan.build/Debug-iphoneos/MonkScan.build/MonkScan-all-target-headers.hmap -Xcc -iquote -Xcc /Users/thomas/Library/Developer/Xcode/DerivedData/MonkScan-fhupcgxcesifjgepusnsefjvhwgr/Build/Intermediates.noindex/MonkScan.build/Debug-iphoneos/MonkScan.build/MonkScan-project-headers.hmap -Xcc -I/Users/thomas/Library/Developer/Xcode/DerivedData/MonkScan-fhupcgxcesifjgepusnsefjvhwgr/Build/Products/Debug-iphoneos/include -Xcc -I/Users/thomas/Library/Developer/Xcode/DerivedData/MonkScan-fhupcgxcesifjgepusnsefjvhwgr/Build/Intermediates.noindex/MonkScan.build/Debug-iphoneos/MonkScan.build/DerivedSources-normal/arm64 -Xcc -I/Users/thomas/Library/Developer/Xcode/DerivedData/MonkScan-fhupcgxcesifjgepusnsefjvhwgr/Build/Intermediates.noindex/MonkScan.build/Debug-iphoneos/MonkScan.build/DerivedSources/arm64 -Xcc -I/Users/thomas/Library/Developer/Xcode/DerivedData/MonkScan-fhupcgxcesifjgepusnsefjvhwgr/Build/Intermediates.noindex/MonkScan.build/Debug-iphoneos/MonkScan.build/DerivedSources -Xcc -DDEBUG\=1 -no-auto-bridging-header-chaining -module-name MonkScan -frontend-parseable-output -disable-clang-spi -target-sdk-version 26.2 -target-sdk-name iphoneos26.2 -clang-target arm64-apple-ios26.2 -in-process-plugin-server-path /Applications/Xcode.app/Contents/Developer/Toolchains/XcodeDefault.xctoolchain/usr/lib/swift/host/libSwiftInProcPluginServer.dylib -emit-module-doc-path /Users/thomas/Library/Developer/Xcode/DerivedData/MonkScan-fhupcgxcesifjgepusnsefjvhwgr/Build/Intermediates.noindex/MonkScan.build/Debug-iphoneos/MonkScan.build/Objects-normal/arm64/MonkScan.swiftdoc -emit-module-source-info-path /Users/thomas/Library/Developer/Xcode/DerivedData/MonkScan-fhupcgxcesifjgepusnsefjvhwgr/Build/Intermediates.noindex/MonkScan.build/Debug-iphoneos/MonkScan.build/Objects-normal/arm64/MonkScan.swiftsourceinfo -emit-objc-header-path /Users/thomas/Library/Developer/Xcode/DerivedData/MonkScan-fhupcgxcesifjgepusnsefjvhwgr/Build/Intermediates.noindex/MonkScan.build/Debug-iphoneos/MonkScan.build/Objects-normal/arm64/MonkScan-Swift.h -serialize-diagnostics-path /Users/thomas/Library/Developer/Xcode/DerivedData/MonkScan-fhupcgxcesifjgepusnsefjvhwgr/Build/Intermediates.noindex/MonkScan.build/Debug-iphoneos/MonkScan.build/Objects-normal/arm64/MonkScan-primary-emit-module.dia -emit-dependencies-path /Users/thomas/Library/Developer/Xcode/DerivedData/MonkScan-fhupcgxcesifjgepusnsefjvhwgr/Build/Intermediates.noindex/MonkScan.build/Debug-iphoneos/MonkScan.build/Objects-normal/arm64/MonkScan-primary-emit-module.d -o /Users/thomas/Library/Developer/Xcode/DerivedData/MonkScan-fhupcgxcesifjgepusnsefjvhwgr/Build/Intermediates.noindex/MonkScan.build/Debug-iphoneos/MonkScan.build/Objects-normal/arm64/MonkScan.swiftmodule -emit-abi-descriptor-path /Users/thomas/Library/Developer/Xcode/DerivedData/MonkScan-fhupcgxcesifjgepusnsefjvhwgr/Build/Intermediates.noindex/MonkScan.build/Debug-iphoneos/MonkScan.build/Objects-normal/arm64/MonkScan.abi.json

EmitSwiftModule normal arm64 (in target 'MonkScan' from project 'MonkScan')
    cd /Users/thomas/Downloads/MonkScanNew
    

/Users/thomas/Downloads/MonkScanNew/MonkScan/Features/Edit/PagesView.swift:174:9: error: type '()' cannot conform to 'View'
        store.startNewSession()
        ^
/Users/thomas/Downloads/MonkScanNew/MonkScan/Features/Edit/PagesView.swift:174:9: note: only concrete types such as structs, enums and classes can conform to protocols
        store.startNewSession()
        ^
/Users/thomas/Downloads/MonkScanNew/MonkScan/Features/Edit/PagesView.swift:174:9: note: required by static method 'buildExpression' where 'Content' = '()'
        store.startNewSession()
        ^
/Users/thomas/Downloads/MonkScanNew/MonkScan/Features/Scan/ScanSessionStore.swift:5:7: error: type 'ScanSessionStore' does not conform to protocol 'ObservableObject'
class ScanSessionStore: ObservableObject {
      ^
/Users/thomas/Downloads/MonkScanNew/MonkScan/Features/Scan/ScanSessionStore.swift:5:7: note: add stubs for conformance
class ScanSessionStore: ObservableObject {
      ^
Combine.ObservableObject.objectWillChange:2:5: note: protocol requires property 'objectWillChange' with type 'Self.ObjectWillChangePublisher'
var objectWillChange: Self.ObjectWillChangePublisher { get }}
    ^
/Users/thomas/Downloads/MonkScanNew/MonkScan/Features/Scan/ScanSessionStore.swift:6:6: error: initializer 'init(wrappedValue:)' is not available due to missing import of defining module 'Combine'
    @Published var currentSession: ScanSession?
     ^
/Users/thomas/Downloads/MonkScanNew/MonkScan/Features/Scan/ScanSessionStore.swift:3:1: note: add import of module 'Combine'

^

/Users/thomas/Downloads/MonkScanNew/MonkScan/Features/Edit/PagesView.swift:174:9: Type '()' cannot conform to 'View'

/Users/thomas/Downloads/MonkScanNew/MonkScan/Features/Scan/ScanSessionStore.swift:5:7: Type 'ScanSessionStore' does not conform to protocol 'ObservableObject'

/Users/thomas/Downloads/MonkScanNew/MonkScan/Features/Scan/ScanSessionStore.swift:6:6: Initializer 'init(wrappedValue:)' is not available due to missing import of defining module 'Combine'

SwiftCompile normal arm64 Compiling\ ScanSessionStore.swift,\ ScanModels.swift /Users/thomas/Downloads/MonkScanNew/MonkScan/Features/Scan/ScanSessionStore.swift /Users/thomas/Downloads/MonkScanNew/MonkScan/Features/Scan/ScanModels.swift (in target 'MonkScan' from project 'MonkScan')

Failed frontend command:
/Applications/Xcode.app/Contents/Developer/Toolchains/XcodeDefault.xctoolchain/usr/bin/swift-frontend -frontend -c /Users/thomas/Downloads/MonkScanNew/MonkScan/Components/NBCard.swift /Users/thomas/Downloads/MonkScanNew/MonkScan/Services/PhotoImportService.swift /Users/thomas/Downloads/MonkScanNew/MonkScan/Components/NBChip.swift /Users/thomas/Downloads/MonkScanNew/MonkScan/Components/NBIconButton.swift /Users/thomas/Downloads/MonkScanNew/MonkScan/Components/NBListRow.swift /Users/thomas/Downloads/MonkScanNew/MonkScan/Components/NBScreen.swift /Users/thomas/Downloads/MonkScanNew/MonkScan/Components/NBTextField.swift /Users/thomas/Downloads/MonkScanNew/MonkScan/Components/NBTopBar.swift /Users/thomas/Downloads/MonkScanNew/MonkScan/Features/Edit/CropView.swift /Users/thomas/Downloads/MonkScanNew/MonkScan/Features/Edit/EnhanceView.swift /Users/thomas/Downloads/MonkScanNew/MonkScan/Features/Edit/PagesView.swift /Users/thomas/Downloads/MonkScanNew/MonkScan/Features/Export/ExportView.swift /Users/thomas/Downloads/MonkScanNew/MonkScan/Features/Library/LibraryModels.swift /Users/thomas/Downloads/MonkScanNew/MonkScan/Features/Library/LibraryView.swift /Users/thomas/Downloads/MonkScanNew/MonkScan/Features/Scan/ScanView.swift /Users/thomas/Downloads/MonkScanNew/MonkScan/Features/Settings/SettingsView.swift /Users/thomas/Downloads/MonkScanNew/MonkScan/Features/Shell/AppTabView.swift /Users/thomas/Downloads/MonkScanNew/MonkScan/Theme/NBColors.swift /Users/thomas/Downloads/MonkScanNew/MonkScan/Theme/NBTheme.swift /Users/thomas/Downloads/MonkScanNew/MonkScan/Theme/NBTypography.swift /Users/thomas/Downloads/MonkScanNew/MonkScan/ContentView.swift -primary-file /Users/thomas/Downloads/MonkScanNew/MonkScan/Features/Scan/ScanSessionStore.swift -primary-file /Users/thomas/Downloads/MonkScanNew/MonkScan/Features/Scan/ScanModels.swift /Users/thomas/Downloads/MonkScanNew/MonkScan/MonkScanApp.swift /Users/thomas/Library/Developer/Xcode/DerivedData/MonkScan-fhupcgxcesifjgepusnsefjvhwgr/Build/Intermediates.noindex/MonkScan.build/Debug-iphoneos/MonkScan.build/DerivedSources/GeneratedAssetSymbols.swift -emit-dependencies-path /Users/thomas/Library/Developer/Xcode/DerivedData/MonkScan-fhupcgxcesifjgepusnsefjvhwgr/Build/Intermediates.noindex/MonkScan.build/Debug-iphoneos/MonkScan.build/Objects-normal/arm64/ScanSessionStore.d -emit-const-values-path /Users/thomas/Library/Developer/Xcode/DerivedData/MonkScan-fhupcgxcesifjgepusnsefjvhwgr/Build/Intermediates.noindex/MonkScan.build/Debug-iphoneos/MonkScan.build/Objects-normal/arm64/ScanSessionStore.swiftconstvalues -emit-reference-dependencies-path /Users/thomas/Library/Developer/Xcode/DerivedData/MonkScan-fhupcgxcesifjgepusnsefjvhwgr/Build/Intermediates.noindex/MonkScan.build/Debug-iphoneos/MonkScan.build/Objects-normal/arm64/ScanSessionStore.swiftdeps -serialize-diagnostics-path /Users/thomas/Library/Developer/Xcode/DerivedData/MonkScan-fhupcgxcesifjgepusnsefjvhwgr/Build/Intermediates.noindex/MonkScan.build/Debug-iphoneos/MonkScan.build/Objects-normal/arm64/ScanSessionStore.dia -emit-dependencies-path /Users/thomas/Library/Developer/Xcode/DerivedData/MonkScan-fhupcgxcesifjgepusnsefjvhwgr/Build/Intermediates.noindex/MonkScan.build/Debug-iphoneos/MonkScan.build/Objects-normal/arm64/ScanModels.d -emit-const-values-path /Users/thomas/Library/Developer/Xcode/DerivedData/MonkScan-fhupcgxcesifjgepusnsefjvhwgr/Build/Intermediates.noindex/MonkScan.build/Debug-iphoneos/MonkScan.build/Objects-normal/arm64/ScanModels.swiftconstvalues -emit-reference-dependencies-path /Users/thomas/Library/Developer/Xcode/DerivedData/MonkScan-fhupcgxcesifjgepusnsefjvhwgr/Build/Intermediates.noindex/MonkScan.build/Debug-iphoneos/MonkScan.build/Objects-normal/arm64/ScanModels.swiftdeps -serialize-diagnostics-path /Users/thomas/Library/Developer/Xcode/DerivedData/MonkScan-fhupcgxcesifjgepusnsefjvhwgr/Build/Intermediates.noindex/MonkScan.build/Debug-iphoneos/MonkScan.build/Objects-normal/arm64/ScanModels.dia -emit-localized-strings -emit-localized-strings-path /Users/thomas/Library/Developer/Xcode/DerivedData/MonkScan-fhupcgxcesifjgepusnsefjvhwgr/Build/Intermediates.noindex/MonkScan.build/Debug-iphoneos/MonkScan.build/Objects-normal/arm64 -target arm64-apple-ios26.0 -module-can-import-version DeveloperToolsSupport 23.0.4 23.0.4 -module-can-import-version SwiftUI 7.2.5.1 7.2.5 -module-can-import-version UIKit 9126.2.4.1 9126.2.4 -disable-cross-import-overlay-search -swift-module-cross-import PhotosUI /Applications/Xcode.app/Contents/Developer/Platforms/iPhoneOS.platform/Developer/SDKs/iPhoneOS.sdk/System/Library/Frameworks/PhotosUI.framework/Modules/PhotosUI.swiftcrossimport/SwiftUI.swiftoverlay -swift-module-cross-import PhotosUI /Applications/Xcode.app/Contents/Developer/Platforms/iPhoneOS.platform/Developer/SDKs/iPhoneOS.sdk/System/Library/Frameworks/PhotosUI.framework/Modules/PhotosUI.swiftcrossimport/WidgetKit.swiftoverlay -swift-module-cross-import PhotosUI /Applications/Xcode.app/Contents/Developer/Platforms/iPhoneOS.platform/Developer/SDKs/iPhoneOS26.2.sdk/System/Library/Frameworks/PhotosUI.framework/Modules/PhotosUI.swiftcrossimport/SwiftUI.swiftoverlay -swift-module-cross-import PhotosUI /Applications/Xcode.app/Contents/Developer/Platforms/iPhoneOS.platform/Developer/SDKs/iPhoneOS26.2.sdk/System/Library/Frameworks/PhotosUI.framework/Modules/PhotosUI.swiftcrossimport/WidgetKit.swiftoverlay -load-resolved-plugin /Applications/Xcode.app/Contents/Developer/Platforms/iPhoneOS.platform/Developer/usr/lib/swift/host/plugins/libFoundationMacros.dylib\#/Applications/Xcode.app/Contents/Developer/Platforms/iPhoneOS.platform/Developer/usr/bin/swift-plugin-server\#FoundationMacros -load-resolved-plugin /Applications/Xcode.app/Contents/Developer/Platforms/iPhoneOS.platform/Developer/usr/lib/swift/host/plugins/libObservationMacros.dylib\#/Applications/Xcode.app/Contents/Developer/Platforms/iPhoneOS.platform/Developer/usr/bin/swift-plugin-server\#ObservationMacros -load-resolved-plugin /Applications/Xcode.app/Contents/Developer/Platforms/iPhoneOS.platform/Developer/usr/lib/swift/host/plugins/libPreviewsMacros.dylib\#/Applications/Xcode.app/Contents/Developer/Platforms/iPhoneOS.platform/Developer/usr/bin/swift-plugin-server\#PreviewsMacros -load-resolved-plugin /Applications/Xcode.app/Contents/Developer/Platforms/iPhoneOS.platform/Developer/usr/lib/swift/host/plugins/libSwiftMacros.dylib\#/Applications/Xcode.app/Contents/Developer/Platforms/iPhoneOS.platform/Developer/usr/bin/swift-plugin-server\#SwiftMacros -load-resolved-plugin /Applications/Xcode.app/Contents/Developer/Platforms/iPhoneOS.platform/Developer/usr/lib/swift/host/plugins/libSwiftUIMacros.dylib\#/Applications/Xcode.app/Contents/Developer/Platforms/iPhoneOS.platform/Developer/usr/bin/swift-plugin-server\#SwiftUIMacros -disable-implicit-swift-modules -Xcc -fno-implicit-modules -Xcc -fno-implicit-module-maps -explicit-swift-module-map-file /Users/thomas/Library/Developer/Xcode/DerivedData/MonkScan-fhupcgxcesifjgepusnsefjvhwgr/Build/Intermediates.noindex/MonkScan.build/Debug-iphoneos/MonkScan.build/Objects-normal/arm64/MonkScan-dependencies-10.json -Xllvm -aarch64-use-tbi -enable-objc-interop -stack-check -sdk /Applications/Xcode.app/Contents/Developer/Platforms/iPhoneOS.platform/Developer/SDKs/iPhoneOS26.2.sdk -I /Users/thomas/Library/Developer/Xcode/DerivedData/MonkScan-fhupcgxcesifjgepusnsefjvhwgr/Build/Products/Debug-iphoneos -F /Users/thomas/Library/Developer/Xcode/DerivedData/MonkScan-fhupcgxcesifjgepusnsefjvhwgr/Build/Products/Debug-iphoneos -no-color-diagnostics -Xcc -fno-color-diagnostics -enable-testing -g -debug-info-format\=dwarf -dwarf-version\=5 -module-cache-path /Users/thomas/Library/Developer/Xcode/DerivedData/MonkScan-fhupcgxcesifjgepusnsefjvhwgr/Build/Intermediates.noindex/SwiftExplicitPrecompiledModules -swift-version 5 -enforce-exclusivity\=checked -Onone -D DEBUG -serialize-debugging-options -const-gather-protocols-file /Users/thomas/Library/Developer/Xcode/DerivedData/MonkScan-fhupcgxcesifjgepusnsefjvhwgr/Build/Intermediates.noindex/MonkScan.build/Debug-iphoneos/MonkScan.build/Objects-normal/arm64/MonkScan_const_extract_protocols.json -enable-upcoming-feature DisableOutwardActorInference -enable-upcoming-feature InferSendableFromCaptures -enable-upcoming-feature GlobalActorIsolatedTypesUsability -enable-upcoming-feature MemberImportVisibility -enable-upcoming-feature InferIsolatedConformances -enable-upcoming-feature NonisolatedNonsendingByDefault -enable-experimental-feature DebugDescriptionMacro -enable-bare-slash-regex -default-isolation\=MainActor -empty-abi-descriptor -validate-clang-modules-once -clang-build-session-file /Users/thomas/Library/Developer/Xcode/DerivedData/ModuleCache.noindex/Session.modulevalidation -Xcc -working-directory -Xcc /Users/thomas/Downloads/MonkScanNew -enable-anonymous-context-mangled-names -file-compilation-dir /Users/thomas/Downloads/MonkScanNew -Xcc -D_LIBCPP_HARDENING_MODE\=_LIBCPP_HARDENING_MODE_DEBUG -Xcc -ivfsstatcache -Xcc /Users/thomas/Library/Developer/Xcode/DerivedData/SDKStatCaches.noindex/iphoneos26.2-23C53-3794476bd08197c3e2abd9bb477ef7f7.sdkstatcache -Xcc -I/Users/thomas/Library/Developer/Xcode/DerivedData/MonkScan-fhupcgxcesifjgepusnsefjvhwgr/Build/Intermediates.noindex/MonkScan.build/Debug-iphoneos/MonkScan.build/swift-overrides.hmap -Xcc -iquote -Xcc /Users/thomas/Library/Developer/Xcode/DerivedData/MonkScan-fhupcgxcesifjgepusnsefjvhwgr/Build/Intermediates.noindex/MonkScan.build/Debug-iphoneos/MonkScan.build/MonkScan-generated-files.hmap -Xcc -I/Users/thomas/Library/Developer/Xcode/DerivedData/MonkScan-fhupcgxcesifjgepusnsefjvhwgr/Build/Intermediates.noindex/MonkScan.build/Debug-iphoneos/MonkScan.build/MonkScan-own-target-headers.hmap -Xcc -I/Users/thomas/Library/Developer/Xcode/DerivedData/MonkScan-fhupcgxcesifjgepusnsefjvhwgr/Build/Intermediates.noindex/MonkScan.build/Debug-iphoneos/MonkScan.build/MonkScan-all-target-headers.hmap -Xcc -iquote -Xcc /Users/thomas/Library/Developer/Xcode/DerivedData/MonkScan-fhupcgxcesifjgepusnsefjvhwgr/Build/Intermediates.noindex/MonkScan.build/Debug-iphoneos/MonkScan.build/MonkScan-project-headers.hmap -Xcc -I/Users/thomas/Library/Developer/Xcode/DerivedData/MonkScan-fhupcgxcesifjgepusnsefjvhwgr/Build/Products/Debug-iphoneos/include -Xcc -I/Users/thomas/Library/Developer/Xcode/DerivedData/MonkScan-fhupcgxcesifjgepusnsefjvhwgr/Build/Intermediates.noindex/MonkScan.build/Debug-iphoneos/MonkScan.build/DerivedSources-normal/arm64 -Xcc -I/Users/thomas/Library/Developer/Xcode/DerivedData/MonkScan-fhupcgxcesifjgepusnsefjvhwgr/Build/Intermediates.noindex/MonkScan.build/Debug-iphoneos/MonkScan.build/DerivedSources/arm64 -Xcc -I/Users/thomas/Library/Developer/Xcode/DerivedData/MonkScan-fhupcgxcesifjgepusnsefjvhwgr/Build/Intermediates.noindex/MonkScan.build/Debug-iphoneos/MonkScan.build/DerivedSources -Xcc -DDEBUG\=1 -no-auto-bridging-header-chaining -module-name MonkScan -frontend-parseable-output -disable-clang-spi -target-sdk-version 26.2 -target-sdk-name iphoneos26.2 -clang-target arm64-apple-ios26.2 -in-process-plugin-server-path /Applications/Xcode.app/Contents/Developer/Toolchains/XcodeDefault.xctoolchain/usr/lib/swift/host/libSwiftInProcPluginServer.dylib -o /Users/thomas/Library/Developer/Xcode/DerivedData/MonkScan-fhupcgxcesifjgepusnsefjvhwgr/Build/Intermediates.noindex/MonkScan.build/Debug-iphoneos/MonkScan.build/Objects-normal/arm64/ScanSessionStore.o -o /Users/thomas/Library/Developer/Xcode/DerivedData/MonkScan-fhupcgxcesifjgepusnsefjvhwgr/Build/Intermediates.noindex/MonkScan.build/Debug-iphoneos/MonkScan.build/Objects-normal/arm64/ScanModels.o -index-unit-output-path /MonkScan.build/Debug-iphoneos/MonkScan.build/Objects-normal/arm64/ScanSessionStore.o -index-unit-output-path /MonkScan.build/Debug-iphoneos/MonkScan.build/Objects-normal/arm64/ScanModels.o -index-store-path /Users/thomas/Library/Developer/Xcode/DerivedData/MonkScan-fhupcgxcesifjgepusnsefjvhwgr/Index.noindex/DataStore -index-system-modules

SwiftCompile normal arm64 /Users/thomas/Downloads/MonkScanNew/MonkScan/Features/Scan/ScanSessionStore.swift (in target 'MonkScan' from project 'MonkScan')
    cd /Users/thomas/Downloads/MonkScanNew
    

/Users/thomas/Downloads/MonkScanNew/MonkScan/Features/Scan/ScanSessionStore.swift:5:7: error: type 'ScanSessionStore' does not conform to protocol 'ObservableObject'
class ScanSessionStore: ObservableObject {
      ^
/Users/thomas/Downloads/MonkScanNew/MonkScan/Features/Scan/ScanSessionStore.swift:5:7: note: add stubs for conformance
class ScanSessionStore: ObservableObject {
      ^
Combine.ObservableObject.objectWillChange:2:5: note: protocol requires property 'objectWillChange' with type 'Self.ObjectWillChangePublisher'
var objectWillChange: Self.ObjectWillChangePublisher { get }}
    ^
/Users/thomas/Downloads/MonkScanNew/MonkScan/Features/Scan/ScanSessionStore.swift:6:6: error: initializer 'init(wrappedValue:)' is not available due to missing import of defining module 'Combine'
    @Published var currentSession: ScanSession?
     ^
/Users/thomas/Downloads/MonkScanNew/MonkScan/Features/Scan/ScanSessionStore.swift:3:1: note: add import of module 'Combine'

^
<unknown>:0: error: static subscript 'subscript(_enclosingInstance:wrapped:storage:)' is not available due to missing import of defining module 'Combine'
/Users/thomas/Downloads/MonkScanNew/MonkScan/Features/Scan/ScanSessionStore.swift:3:1: note: add import of module 'Combine'

^
<unknown>:0: error: static subscript 'subscript(_enclosingInstance:wrapped:storage:)' is not available due to missing import of defining module 'Combine'
/Users/thomas/Downloads/MonkScanNew/MonkScan/Features/Scan/ScanSessionStore.swift:3:1: note: add import of module 'Combine'

^
<unknown>:0: error: static subscript 'subscript(_enclosingInstance:wrapped:storage:)' is not available due to missing import of defining module 'Combine'
/Users/thomas/Downloads/MonkScanNew/MonkScan/Features/Scan/ScanSessionStore.swift:3:1: note: add import of module 'Combine'

^
<unknown>:0: error: static subscript 'subscript(_enclosingInstance:wrapped:storage:)' is not available due to missing import of defining module 'Combine'
/Users/thomas/Downloads/MonkScanNew/MonkScan/Features/Scan/ScanSessionStore.swift:3:1: note: add import of module 'Combine'

^
<unknown>:0: error: static subscript 'subscript(_enclosingInstance:wrapped:storage:)' is not available due to missing import of defining module 'Combine'
/Users/thomas/Downloads/MonkScanNew/MonkScan/Features/Scan/ScanSessionStore.swift:3:1: note: add import of module 'Combine'

^
<unknown>:0: error: static subscript 'subscript(_enclosingInstance:wrapped:storage:)' is not available due to missing import of defining module 'Combine'
/Users/thomas/Downloads/MonkScanNew/MonkScan/Features/Scan/ScanSessionStore.swift:3:1: note: add import of module 'Combine'

^

/Users/thomas/Downloads/MonkScanNew/MonkScan/Features/Scan/ScanSessionStore.swift:5:7: Type 'ScanSessionStore' does not conform to protocol 'ObservableObject'

/Users/thomas/Downloads/MonkScanNew/MonkScan/Features/Scan/ScanSessionStore.swift:6:6: Initializer 'init(wrappedValue:)' is not available due to missing import of defining module 'Combine'

Static subscript 'subscript(_enclosingInstance:wrapped:storage:)' is not available due to missing import of defining module 'Combine'

Static subscript 'subscript(_enclosingInstance:wrapped:storage:)' is not available due to missing import of defining module 'Combine'

Static subscript 'subscript(_enclosingInstance:wrapped:storage:)' is not available due to missing import of defining module 'Combine'

Static subscript 'subscript(_enclosingInstance:wrapped:storage:)' is not available due to missing import of defining module 'Combine'

Static subscript 'subscript(_enclosingInstance:wrapped:storage:)' is not available due to missing import of defining module 'Combine'

Static subscript 'subscript(_enclosingInstance:wrapped:storage:)' is not available due to missing import of defining module 'Combine'

SwiftCompile normal arm64 /Users/thomas/Downloads/MonkScanNew/MonkScan/Features/Scan/ScanModels.swift (in target 'MonkScan' from project 'MonkScan')
    cd /Users/thomas/Downloads/MonkScanNew
    

<unknown>:0: error: static subscript 'subscript(_enclosingInstance:wrapped:storage:)' is not available due to missing import of defining module 'Combine'
/Users/thomas/Downloads/MonkScanNew/MonkScan/Features/Scan/ScanSessionStore.swift:3:1: note: add import of module 'Combine'

^
<unknown>:0: error: static subscript 'subscript(_enclosingInstance:wrapped:storage:)' is not available due to missing import of defining module 'Combine'
/Users/thomas/Downloads/MonkScanNew/MonkScan/Features/Scan/ScanSessionStore.swift:3:1: note: add import of module 'Combine'

^
<unknown>:0: error: static subscript 'subscript(_enclosingInstance:wrapped:storage:)' is not available due to missing import of defining module 'Combine'
/Users/thomas/Downloads/MonkScanNew/MonkScan/Features/Scan/ScanSessionStore.swift:3:1: note: add import of module 'Combine'

^
<unknown>:0: error: static subscript 'subscript(_enclosingInstance:wrapped:storage:)' is not available due to missing import of defining module 'Combine'
/Users/thomas/Downloads/MonkScanNew/MonkScan/Features/Scan/ScanSessionStore.swift:3:1: note: add import of module 'Combine'

^
<unknown>:0: error: static subscript 'subscript(_enclosingInstance:wrapped:storage:)' is not available due to missing import of defining module 'Combine'
/Users/thomas/Downloads/MonkScanNew/MonkScan/Features/Scan/ScanSessionStore.swift:3:1: note: add import of module 'Combine'

^
<unknown>:0: error: static subscript 'subscript(_enclosingInstance:wrapped:storage:)' is not available due to missing import of defining module 'Combine'
/Users/thomas/Downloads/MonkScanNew/MonkScan/Features/Scan/ScanSessionStore.swift:3:1: note: add import of module 'Combine'

^

Static subscript 'subscript(_enclosingInstance:wrapped:storage:)' is not available due to missing import of defining module 'Combine'

Static subscript 'subscript(_enclosingInstance:wrapped:storage:)' is not available due to missing import of defining module 'Combine'

Static subscript 'subscript(_enclosingInstance:wrapped:storage:)' is not available due to missing import of defining module 'Combine'

Static subscript 'subscript(_enclosingInstance:wrapped:storage:)' is not available due to missing import of defining module 'Combine'

Static subscript 'subscript(_enclosingInstance:wrapped:storage:)' is not available due to missing import of defining module 'Combine'

Static subscript 'subscript(_enclosingInstance:wrapped:storage:)' is not available due to missing import of defining module 'Combine'



Activity Log Complete    22.12.2025, 12:41    2.5 seconds
